Copyright 1986-2021 Xilinx, Inc. All Rights Reserved.
------------------------------------------------------------------------------------------
| Tool Version : Vivado v.2021.1 (win64) Build 3247384 Thu Jun 10 19:36:33 MDT 2021
| Date         : Sat May  7 22:18:14 2022
| Host         : DAYALAN1 running 64-bit major release  (build 9200)
| Command      : report_control_sets -verbose -file UART_echo_top_control_sets_placed.rpt
| Design       : UART_echo_top
| Device       : xc7a100t
------------------------------------------------------------------------------------------

Control Set Information

Table of Contents
-----------------
1. Summary
2. Histogram
3. Flip-Flop Distribution
4. Detailed Control Set Information

1. Summary
----------

+----------------------------------------------------------+-------+
|                          Status                          | Count |
+----------------------------------------------------------+-------+
| Total control sets                                       |    10 |
|    Minimum number of control sets                        |    10 |
|    Addition due to synthesis replication                 |     0 |
|    Addition due to physical synthesis replication        |     0 |
| Unused register locations in slices containing registers |    28 |
+----------------------------------------------------------+-------+
* Control sets can be merged at opt_design using control_set_merge or merge_equivalent_drivers
** Run report_qor_suggestions for automated merging and remapping suggestions


2. Histogram
------------

+--------------------+-------+
|       Fanout       | Count |
+--------------------+-------+
| Total control sets |    10 |
| >= 0 to < 4        |     1 |
| >= 4 to < 6        |     4 |
| >= 6 to < 8        |     0 |
| >= 8 to < 10       |     3 |
| >= 10 to < 12      |     1 |
| >= 12 to < 14      |     0 |
| >= 14 to < 16      |     0 |
| >= 16              |     1 |
+--------------------+-------+
* Control sets can be remapped at either synth_design or opt_design


3. Flip-Flop Distribution
-------------------------

+--------------+-----------------------+------------------------+-----------------+--------------+
| Clock Enable | Synchronous Set/Reset | Asynchronous Set/Reset | Total Registers | Total Slices |
+--------------+-----------------------+------------------------+-----------------+--------------+
| No           | No                    | No                     |              23 |           11 |
| No           | No                    | Yes                    |               0 |            0 |
| No           | Yes                   | No                     |               4 |            3 |
| Yes          | No                    | No                     |              43 |           13 |
| Yes          | No                    | Yes                    |               0 |            0 |
| Yes          | Yes                   | No                     |               6 |            3 |
+--------------+-----------------------+------------------------+-----------------+--------------+


4. Detailed Control Set Information
-----------------------------------

+----------------+-------------------------------+------------------------------+------------------+----------------+--------------+
|  Clock Signal  |         Enable Signal         |       Set/Reset Signal       | Slice Load Count | Bel Load Count | Bels / Slice |
+----------------+-------------------------------+------------------------------+------------------+----------------+--------------+
|  clk_IBUF_BUFG | UART_Inst/opTx_i_1_n_0        | UART_Inst/rst                |                1 |              1 |         1.00 |
|  clk_IBUF_BUFG |                               | UART_Inst/rst                |                3 |              4 |         1.33 |
|  clk_IBUF_BUFG | UART_Inst/rx_cnt[3]_i_1_n_0   |                              |                1 |              4 |         4.00 |
|  clk_IBUF_BUFG | UART_Inst/clk_cnt[8]_i_1_n_0  |                              |                2 |              5 |         2.50 |
|  clk_IBUF_BUFG | UART_Inst/clk_cnt[8]_i_1_n_0  | UART_Inst/clk_cnt[9]_i_1_n_0 |                2 |              5 |         2.50 |
|  clk_IBUF_BUFG | UART_Inst/opRxData[7]_i_1_n_0 |                              |                1 |              8 |         8.00 |
|  clk_IBUF_BUFG | UART_Inst/txData[7]_i_1_n_0   |                              |                2 |              8 |         4.00 |
|  clk_IBUF_BUFG | UART_Inst/E[0]                |                              |                3 |              8 |         2.67 |
|  clk_IBUF_BUFG | UART_Inst/clk_cnt2[9]_i_1_n_0 |                              |                4 |             10 |         2.50 |
|  clk_IBUF_BUFG |                               |                              |               11 |             23 |         2.09 |
+----------------+-------------------------------+------------------------------+------------------+----------------+--------------+


