
Loading design for application trce from file counter_impl1.ncd.
Design name: counter
NCD version: 3.3
Vendor:      LATTICE
Device:      LFXP2-5E
Package:     TQFP144
Performance: 5
Loading device for application trce from file 'mg5a26x29.nph' in environment: C:/lscc/diamond/3.12/ispfpga.
Package Status:                     Final          Version 1.42.
Performance Hardware Data Status:   Final          Version 11.5.
Setup and Hold Report

--------------------------------------------------------------------------------
Lattice TRACE Report - Setup, Version Diamond (64-bit) 3.12.0.240.2
Wed Apr 27 14:28:46 2022

Copyright (c) 1991-1994 by NeoCAD Inc. All rights reserved.
Copyright (c) 1995 AT&T Corp.   All rights reserved.
Copyright (c) 1995-2001 Lucent Technologies Inc.  All rights reserved.
Copyright (c) 2001 Agere Systems   All rights reserved.
Copyright (c) 2002-2020 Lattice Semiconductor Corporation,  All rights reserved.

Report Information
------------------
Command line:    trce -v 10 -gt -sethld -sp 5 -sphld m -o Counter_impl1.twr -gui -msgset C:/Users/Dayalan Nair/OneDrive - University of Cape Town/LATTICE/Counter/promote.xml Counter_impl1.ncd Counter_impl1.prf 
Design file:     counter_impl1.ncd
Preference file: counter_impl1.prf
Device,speed:    LFXP2-5E,5
Report level:    verbose report, limited to 10 items per preference
--------------------------------------------------------------------------------

Report Type:     based on TRACE automatically generated preferences
BLOCK ASYNCPATHS
BLOCK RESETPATHS
--------------------------------------------------------------------------------



================================================================================
Preference: FREQUENCY NET "ipClk_c" 381.825000 MHz ;
            496 items scored, 202 timing errors detected.
--------------------------------------------------------------------------------


Error: The following path exceeds requirements by 0.984ns

 Logical Details:  Cell type  Pin type       Cell/ASIC name  (clock net +/-)

   Source:         FF         Q              count[1]  (from ipClk_c +)
   Destination:    FF         Data in        count[30]  (to ipClk_c +)

   Delay:               3.510ns  (74.6% logic, 25.4% route), 16 logic levels.

 Constraint Details:

      3.510ns physical path delay SLICE_15 to SLICE_1 exceeds
      2.619ns delay constraint less
      0.000ns skew and
      0.093ns DIN_SET requirement (totaling 2.526ns) by 0.984ns

 Physical Path Details:

      Data path SLICE_15 to SLICE_1:

   Name    Fanout   Delay (ns)          Site               Resource
REG_DEL     ---     0.383     R25C9B.CLK to      R25C9B.Q0 SLICE_15 (from ipClk_c)
ROUTE         1     0.891      R25C9B.Q0 to      R25C9B.B0 count[1]
C0TOFCO_DE  ---     0.790      R25C9B.B0 to     R25C9B.FCO SLICE_15
ROUTE         1     0.000     R25C9B.FCO to     R25C9C.FCI count_cry[2]
FCITOFCO_D  ---     0.081     R25C9C.FCI to     R25C9C.FCO SLICE_14
ROUTE         1     0.000     R25C9C.FCO to    R25C10A.FCI count_cry[4]
FCITOFCO_D  ---     0.081    R25C10A.FCI to    R25C10A.FCO SLICE_13
ROUTE         1     0.000    R25C10A.FCO to    R25C10B.FCI count_cry[6]
FCITOFCO_D  ---     0.081    R25C10B.FCI to    R25C10B.FCO SLICE_12
ROUTE         1     0.000    R25C10B.FCO to    R25C10C.FCI count_cry[8]
FCITOFCO_D  ---     0.081    R25C10C.FCI to    R25C10C.FCO SLICE_11
ROUTE         1     0.000    R25C10C.FCO to    R25C11A.FCI count_cry[10]
FCITOFCO_D  ---     0.081    R25C11A.FCI to    R25C11A.FCO SLICE_10
ROUTE         1     0.000    R25C11A.FCO to    R25C11B.FCI count_cry[12]
FCITOFCO_D  ---     0.081    R25C11B.FCI to    R25C11B.FCO SLICE_9
ROUTE         1     0.000    R25C11B.FCO to    R25C11C.FCI count_cry[14]
FCITOFCO_D  ---     0.081    R25C11C.FCI to    R25C11C.FCO SLICE_8
ROUTE         1     0.000    R25C11C.FCO to    R25C12A.FCI count_cry[16]
FCITOFCO_D  ---     0.081    R25C12A.FCI to    R25C12A.FCO SLICE_7
ROUTE         1     0.000    R25C12A.FCO to    R25C12B.FCI count_cry[18]
FCITOFCO_D  ---     0.081    R25C12B.FCI to    R25C12B.FCO SLICE_6
ROUTE         1     0.000    R25C12B.FCO to    R25C12C.FCI count_cry[20]
FCITOFCO_D  ---     0.081    R25C12C.FCI to    R25C12C.FCO SLICE_5
ROUTE         1     0.000    R25C12C.FCO to    R25C13A.FCI count_cry[22]
FCITOFCO_D  ---     0.081    R25C13A.FCI to    R25C13A.FCO SLICE_4
ROUTE         1     0.000    R25C13A.FCO to    R25C13B.FCI count_cry[24]
FCITOFCO_D  ---     0.081    R25C13B.FCI to    R25C13B.FCO SLICE_3
ROUTE         1     0.000    R25C13B.FCO to    R25C13C.FCI count_cry[26]
FCITOFCO_D  ---     0.081    R25C13C.FCI to    R25C13C.FCO SLICE_2
ROUTE         1     0.000    R25C13C.FCO to    R25C14A.FCI count_cry[28]
FCITOF1_DE  ---     0.393    R25C14A.FCI to     R25C14A.F1 SLICE_1
ROUTE         1     0.000     R25C14A.F1 to    R25C14A.DI1 count_s[30] (to ipClk_c)
                  --------
                    3.510   (74.6% logic, 25.4% route), 16 logic levels.

 Clock Skew Details: 

      Source Clock Path ipClk to SLICE_15:

   Name    Fanout   Delay (ns)          Site               Resource
ROUTE        16     1.233       21.PADDI to     R25C9B.CLK ipClk_c
                  --------
                    1.233   (0.0% logic, 100.0% route), 0 logic levels.

      Destination Clock Path ipClk to SLICE_1:

   Name    Fanout   Delay (ns)          Site               Resource
ROUTE        16     1.233       21.PADDI to    R25C14A.CLK ipClk_c
                  --------
                    1.233   (0.0% logic, 100.0% route), 0 logic levels.


Error: The following path exceeds requirements by 0.903ns

 Logical Details:  Cell type  Pin type       Cell/ASIC name  (clock net +/-)

   Source:         FF         Q              count[1]  (from ipClk_c +)
   Destination:    FF         Data in        count[28]  (to ipClk_c +)

   Delay:               3.429ns  (74.0% logic, 26.0% route), 15 logic levels.

 Constraint Details:

      3.429ns physical path delay SLICE_15 to SLICE_2 exceeds
      2.619ns delay constraint less
      0.000ns skew and
      0.093ns DIN_SET requirement (totaling 2.526ns) by 0.903ns

 Physical Path Details:

      Data path SLICE_15 to SLICE_2:

   Name    Fanout   Delay (ns)          Site               Resource
REG_DEL     ---     0.383     R25C9B.CLK to      R25C9B.Q0 SLICE_15 (from ipClk_c)
ROUTE         1     0.891      R25C9B.Q0 to      R25C9B.B0 count[1]
C0TOFCO_DE  ---     0.790      R25C9B.B0 to     R25C9B.FCO SLICE_15
ROUTE         1     0.000     R25C9B.FCO to     R25C9C.FCI count_cry[2]
FCITOFCO_D  ---     0.081     R25C9C.FCI to     R25C9C.FCO SLICE_14
ROUTE         1     0.000     R25C9C.FCO to    R25C10A.FCI count_cry[4]
FCITOFCO_D  ---     0.081    R25C10A.FCI to    R25C10A.FCO SLICE_13
ROUTE         1     0.000    R25C10A.FCO to    R25C10B.FCI count_cry[6]
FCITOFCO_D  ---     0.081    R25C10B.FCI to    R25C10B.FCO SLICE_12
ROUTE         1     0.000    R25C10B.FCO to    R25C10C.FCI count_cry[8]
FCITOFCO_D  ---     0.081    R25C10C.FCI to    R25C10C.FCO SLICE_11
ROUTE         1     0.000    R25C10C.FCO to    R25C11A.FCI count_cry[10]
FCITOFCO_D  ---     0.081    R25C11A.FCI to    R25C11A.FCO SLICE_10
ROUTE         1     0.000    R25C11A.FCO to    R25C11B.FCI count_cry[12]
FCITOFCO_D  ---     0.081    R25C11B.FCI to    R25C11B.FCO SLICE_9
ROUTE         1     0.000    R25C11B.FCO to    R25C11C.FCI count_cry[14]
FCITOFCO_D  ---     0.081    R25C11C.FCI to    R25C11C.FCO SLICE_8
ROUTE         1     0.000    R25C11C.FCO to    R25C12A.FCI count_cry[16]
FCITOFCO_D  ---     0.081    R25C12A.FCI to    R25C12A.FCO SLICE_7
ROUTE         1     0.000    R25C12A.FCO to    R25C12B.FCI count_cry[18]
FCITOFCO_D  ---     0.081    R25C12B.FCI to    R25C12B.FCO SLICE_6
ROUTE         1     0.000    R25C12B.FCO to    R25C12C.FCI count_cry[20]
FCITOFCO_D  ---     0.081    R25C12C.FCI to    R25C12C.FCO SLICE_5
ROUTE         1     0.000    R25C12C.FCO to    R25C13A.FCI count_cry[22]
FCITOFCO_D  ---     0.081    R25C13A.FCI to    R25C13A.FCO SLICE_4
ROUTE         1     0.000    R25C13A.FCO to    R25C13B.FCI count_cry[24]
FCITOFCO_D  ---     0.081    R25C13B.FCI to    R25C13B.FCO SLICE_3
ROUTE         1     0.000    R25C13B.FCO to    R25C13C.FCI count_cry[26]
FCITOF1_DE  ---     0.393    R25C13C.FCI to     R25C13C.F1 SLICE_2
ROUTE         1     0.000     R25C13C.F1 to    R25C13C.DI1 count_s[28] (to ipClk_c)
                  --------
                    3.429   (74.0% logic, 26.0% route), 15 logic levels.

 Clock Skew Details: 

      Source Clock Path ipClk to SLICE_15:

   Name    Fanout   Delay (ns)          Site               Resource
ROUTE        16     1.233       21.PADDI to     R25C9B.CLK ipClk_c
                  --------
                    1.233   (0.0% logic, 100.0% route), 0 logic levels.

      Destination Clock Path ipClk to SLICE_2:

   Name    Fanout   Delay (ns)          Site               Resource
ROUTE        16     1.233       21.PADDI to    R25C13C.CLK ipClk_c
                  --------
                    1.233   (0.0% logic, 100.0% route), 0 logic levels.


Error: The following path exceeds requirements by 0.896ns

 Logical Details:  Cell type  Pin type       Cell/ASIC name  (clock net +/-)

   Source:         FF         Q              count[1]  (from ipClk_c +)
   Destination:    FF         Data in        count[29]  (to ipClk_c +)

   Delay:               3.422ns  (74.0% logic, 26.0% route), 16 logic levels.

 Constraint Details:

      3.422ns physical path delay SLICE_15 to SLICE_1 exceeds
      2.619ns delay constraint less
      0.000ns skew and
      0.093ns DIN_SET requirement (totaling 2.526ns) by 0.896ns

 Physical Path Details:

      Data path SLICE_15 to SLICE_1:

   Name    Fanout   Delay (ns)          Site               Resource
REG_DEL     ---     0.383     R25C9B.CLK to      R25C9B.Q0 SLICE_15 (from ipClk_c)
ROUTE         1     0.891      R25C9B.Q0 to      R25C9B.B0 count[1]
C0TOFCO_DE  ---     0.790      R25C9B.B0 to     R25C9B.FCO SLICE_15
ROUTE         1     0.000     R25C9B.FCO to     R25C9C.FCI count_cry[2]
FCITOFCO_D  ---     0.081     R25C9C.FCI to     R25C9C.FCO SLICE_14
ROUTE         1     0.000     R25C9C.FCO to    R25C10A.FCI count_cry[4]
FCITOFCO_D  ---     0.081    R25C10A.FCI to    R25C10A.FCO SLICE_13
ROUTE         1     0.000    R25C10A.FCO to    R25C10B.FCI count_cry[6]
FCITOFCO_D  ---     0.081    R25C10B.FCI to    R25C10B.FCO SLICE_12
ROUTE         1     0.000    R25C10B.FCO to    R25C10C.FCI count_cry[8]
FCITOFCO_D  ---     0.081    R25C10C.FCI to    R25C10C.FCO SLICE_11
ROUTE         1     0.000    R25C10C.FCO to    R25C11A.FCI count_cry[10]
FCITOFCO_D  ---     0.081    R25C11A.FCI to    R25C11A.FCO SLICE_10
ROUTE         1     0.000    R25C11A.FCO to    R25C11B.FCI count_cry[12]
FCITOFCO_D  ---     0.081    R25C11B.FCI to    R25C11B.FCO SLICE_9
ROUTE         1     0.000    R25C11B.FCO to    R25C11C.FCI count_cry[14]
FCITOFCO_D  ---     0.081    R25C11C.FCI to    R25C11C.FCO SLICE_8
ROUTE         1     0.000    R25C11C.FCO to    R25C12A.FCI count_cry[16]
FCITOFCO_D  ---     0.081    R25C12A.FCI to    R25C12A.FCO SLICE_7
ROUTE         1     0.000    R25C12A.FCO to    R25C12B.FCI count_cry[18]
FCITOFCO_D  ---     0.081    R25C12B.FCI to    R25C12B.FCO SLICE_6
ROUTE         1     0.000    R25C12B.FCO to    R25C12C.FCI count_cry[20]
FCITOFCO_D  ---     0.081    R25C12C.FCI to    R25C12C.FCO SLICE_5
ROUTE         1     0.000    R25C12C.FCO to    R25C13A.FCI count_cry[22]
FCITOFCO_D  ---     0.081    R25C13A.FCI to    R25C13A.FCO SLICE_4
ROUTE         1     0.000    R25C13A.FCO to    R25C13B.FCI count_cry[24]
FCITOFCO_D  ---     0.081    R25C13B.FCI to    R25C13B.FCO SLICE_3
ROUTE         1     0.000    R25C13B.FCO to    R25C13C.FCI count_cry[26]
FCITOFCO_D  ---     0.081    R25C13C.FCI to    R25C13C.FCO SLICE_2
ROUTE         1     0.000    R25C13C.FCO to    R25C14A.FCI count_cry[28]
FCITOF0_DE  ---     0.305    R25C14A.FCI to     R25C14A.F0 SLICE_1
ROUTE         1     0.000     R25C14A.F0 to    R25C14A.DI0 count_s[29] (to ipClk_c)
                  --------
                    3.422   (74.0% logic, 26.0% route), 16 logic levels.

 Clock Skew Details: 

      Source Clock Path ipClk to SLICE_15:

   Name    Fanout   Delay (ns)          Site               Resource
ROUTE        16     1.233       21.PADDI to     R25C9B.CLK ipClk_c
                  --------
                    1.233   (0.0% logic, 100.0% route), 0 logic levels.

      Destination Clock Path ipClk to SLICE_1:

   Name    Fanout   Delay (ns)          Site               Resource
ROUTE        16     1.233       21.PADDI to    R25C14A.CLK ipClk_c
                  --------
                    1.233   (0.0% logic, 100.0% route), 0 logic levels.


Error: The following path exceeds requirements by 0.822ns

 Logical Details:  Cell type  Pin type       Cell/ASIC name  (clock net +/-)

   Source:         FF         Q              count[5]  (from ipClk_c +)
   Destination:    FF         Data in        count[30]  (to ipClk_c +)

   Delay:               3.348ns  (73.4% logic, 26.6% route), 14 logic levels.

 Constraint Details:

      3.348ns physical path delay SLICE_13 to SLICE_1 exceeds
      2.619ns delay constraint less
      0.000ns skew and
      0.093ns DIN_SET requirement (totaling 2.526ns) by 0.822ns

 Physical Path Details:

      Data path SLICE_13 to SLICE_1:

   Name    Fanout   Delay (ns)          Site               Resource
REG_DEL     ---     0.383    R25C10A.CLK to     R25C10A.Q0 SLICE_13 (from ipClk_c)
ROUTE         1     0.891     R25C10A.Q0 to     R25C10A.B0 count[5]
C0TOFCO_DE  ---     0.790     R25C10A.B0 to    R25C10A.FCO SLICE_13
ROUTE         1     0.000    R25C10A.FCO to    R25C10B.FCI count_cry[6]
FCITOFCO_D  ---     0.081    R25C10B.FCI to    R25C10B.FCO SLICE_12
ROUTE         1     0.000    R25C10B.FCO to    R25C10C.FCI count_cry[8]
FCITOFCO_D  ---     0.081    R25C10C.FCI to    R25C10C.FCO SLICE_11
ROUTE         1     0.000    R25C10C.FCO to    R25C11A.FCI count_cry[10]
FCITOFCO_D  ---     0.081    R25C11A.FCI to    R25C11A.FCO SLICE_10
ROUTE         1     0.000    R25C11A.FCO to    R25C11B.FCI count_cry[12]
FCITOFCO_D  ---     0.081    R25C11B.FCI to    R25C11B.FCO SLICE_9
ROUTE         1     0.000    R25C11B.FCO to    R25C11C.FCI count_cry[14]
FCITOFCO_D  ---     0.081    R25C11C.FCI to    R25C11C.FCO SLICE_8
ROUTE         1     0.000    R25C11C.FCO to    R25C12A.FCI count_cry[16]
FCITOFCO_D  ---     0.081    R25C12A.FCI to    R25C12A.FCO SLICE_7
ROUTE         1     0.000    R25C12A.FCO to    R25C12B.FCI count_cry[18]
FCITOFCO_D  ---     0.081    R25C12B.FCI to    R25C12B.FCO SLICE_6
ROUTE         1     0.000    R25C12B.FCO to    R25C12C.FCI count_cry[20]
FCITOFCO_D  ---     0.081    R25C12C.FCI to    R25C12C.FCO SLICE_5
ROUTE         1     0.000    R25C12C.FCO to    R25C13A.FCI count_cry[22]
FCITOFCO_D  ---     0.081    R25C13A.FCI to    R25C13A.FCO SLICE_4
ROUTE         1     0.000    R25C13A.FCO to    R25C13B.FCI count_cry[24]
FCITOFCO_D  ---     0.081    R25C13B.FCI to    R25C13B.FCO SLICE_3
ROUTE         1     0.000    R25C13B.FCO to    R25C13C.FCI count_cry[26]
FCITOFCO_D  ---     0.081    R25C13C.FCI to    R25C13C.FCO SLICE_2
ROUTE         1     0.000    R25C13C.FCO to    R25C14A.FCI count_cry[28]
FCITOF1_DE  ---     0.393    R25C14A.FCI to     R25C14A.F1 SLICE_1
ROUTE         1     0.000     R25C14A.F1 to    R25C14A.DI1 count_s[30] (to ipClk_c)
                  --------
                    3.348   (73.4% logic, 26.6% route), 14 logic levels.

 Clock Skew Details: 

      Source Clock Path ipClk to SLICE_13:

   Name    Fanout   Delay (ns)          Site               Resource
ROUTE        16     1.233       21.PADDI to    R25C10A.CLK ipClk_c
                  --------
                    1.233   (0.0% logic, 100.0% route), 0 logic levels.

      Destination Clock Path ipClk to SLICE_1:

   Name    Fanout   Delay (ns)          Site               Resource
ROUTE        16     1.233       21.PADDI to    R25C14A.CLK ipClk_c
                  --------
                    1.233   (0.0% logic, 100.0% route), 0 logic levels.


Error: The following path exceeds requirements by 0.822ns

 Logical Details:  Cell type  Pin type       Cell/ASIC name  (clock net +/-)

   Source:         FF         Q              count[1]  (from ipClk_c +)
   Destination:    FF         Data in        count[26]  (to ipClk_c +)

   Delay:               3.348ns  (73.4% logic, 26.6% route), 14 logic levels.

 Constraint Details:

      3.348ns physical path delay SLICE_15 to SLICE_3 exceeds
      2.619ns delay constraint less
      0.000ns skew and
      0.093ns DIN_SET requirement (totaling 2.526ns) by 0.822ns

 Physical Path Details:

      Data path SLICE_15 to SLICE_3:

   Name    Fanout   Delay (ns)          Site               Resource
REG_DEL     ---     0.383     R25C9B.CLK to      R25C9B.Q0 SLICE_15 (from ipClk_c)
ROUTE         1     0.891      R25C9B.Q0 to      R25C9B.B0 count[1]
C0TOFCO_DE  ---     0.790      R25C9B.B0 to     R25C9B.FCO SLICE_15
ROUTE         1     0.000     R25C9B.FCO to     R25C9C.FCI count_cry[2]
FCITOFCO_D  ---     0.081     R25C9C.FCI to     R25C9C.FCO SLICE_14
ROUTE         1     0.000     R25C9C.FCO to    R25C10A.FCI count_cry[4]
FCITOFCO_D  ---     0.081    R25C10A.FCI to    R25C10A.FCO SLICE_13
ROUTE         1     0.000    R25C10A.FCO to    R25C10B.FCI count_cry[6]
FCITOFCO_D  ---     0.081    R25C10B.FCI to    R25C10B.FCO SLICE_12
ROUTE         1     0.000    R25C10B.FCO to    R25C10C.FCI count_cry[8]
FCITOFCO_D  ---     0.081    R25C10C.FCI to    R25C10C.FCO SLICE_11
ROUTE         1     0.000    R25C10C.FCO to    R25C11A.FCI count_cry[10]
FCITOFCO_D  ---     0.081    R25C11A.FCI to    R25C11A.FCO SLICE_10
ROUTE         1     0.000    R25C11A.FCO to    R25C11B.FCI count_cry[12]
FCITOFCO_D  ---     0.081    R25C11B.FCI to    R25C11B.FCO SLICE_9
ROUTE         1     0.000    R25C11B.FCO to    R25C11C.FCI count_cry[14]
FCITOFCO_D  ---     0.081    R25C11C.FCI to    R25C11C.FCO SLICE_8
ROUTE         1     0.000    R25C11C.FCO to    R25C12A.FCI count_cry[16]
FCITOFCO_D  ---     0.081    R25C12A.FCI to    R25C12A.FCO SLICE_7
ROUTE         1     0.000    R25C12A.FCO to    R25C12B.FCI count_cry[18]
FCITOFCO_D  ---     0.081    R25C12B.FCI to    R25C12B.FCO SLICE_6
ROUTE         1     0.000    R25C12B.FCO to    R25C12C.FCI count_cry[20]
FCITOFCO_D  ---     0.081    R25C12C.FCI to    R25C12C.FCO SLICE_5
ROUTE         1     0.000    R25C12C.FCO to    R25C13A.FCI count_cry[22]
FCITOFCO_D  ---     0.081    R25C13A.FCI to    R25C13A.FCO SLICE_4
ROUTE         1     0.000    R25C13A.FCO to    R25C13B.FCI count_cry[24]
FCITOF1_DE  ---     0.393    R25C13B.FCI to     R25C13B.F1 SLICE_3
ROUTE         1     0.000     R25C13B.F1 to    R25C13B.DI1 count_s[26] (to ipClk_c)
                  --------
                    3.348   (73.4% logic, 26.6% route), 14 logic levels.

 Clock Skew Details: 

      Source Clock Path ipClk to SLICE_15:

   Name    Fanout   Delay (ns)          Site               Resource
ROUTE        16     1.233       21.PADDI to     R25C9B.CLK ipClk_c
                  --------
                    1.233   (0.0% logic, 100.0% route), 0 logic levels.

      Destination Clock Path ipClk to SLICE_3:

   Name    Fanout   Delay (ns)          Site               Resource
ROUTE        16     1.233       21.PADDI to    R25C13B.CLK ipClk_c
                  --------
                    1.233   (0.0% logic, 100.0% route), 0 logic levels.


Error: The following path exceeds requirements by 0.815ns

 Logical Details:  Cell type  Pin type       Cell/ASIC name  (clock net +/-)

   Source:         FF         Q              count[1]  (from ipClk_c +)
   Destination:    FF         Data in        count[27]  (to ipClk_c +)

   Delay:               3.341ns  (73.3% logic, 26.7% route), 15 logic levels.

 Constraint Details:

      3.341ns physical path delay SLICE_15 to SLICE_2 exceeds
      2.619ns delay constraint less
      0.000ns skew and
      0.093ns DIN_SET requirement (totaling 2.526ns) by 0.815ns

 Physical Path Details:

      Data path SLICE_15 to SLICE_2:

   Name    Fanout   Delay (ns)          Site               Resource
REG_DEL     ---     0.383     R25C9B.CLK to      R25C9B.Q0 SLICE_15 (from ipClk_c)
ROUTE         1     0.891      R25C9B.Q0 to      R25C9B.B0 count[1]
C0TOFCO_DE  ---     0.790      R25C9B.B0 to     R25C9B.FCO SLICE_15
ROUTE         1     0.000     R25C9B.FCO to     R25C9C.FCI count_cry[2]
FCITOFCO_D  ---     0.081     R25C9C.FCI to     R25C9C.FCO SLICE_14
ROUTE         1     0.000     R25C9C.FCO to    R25C10A.FCI count_cry[4]
FCITOFCO_D  ---     0.081    R25C10A.FCI to    R25C10A.FCO SLICE_13
ROUTE         1     0.000    R25C10A.FCO to    R25C10B.FCI count_cry[6]
FCITOFCO_D  ---     0.081    R25C10B.FCI to    R25C10B.FCO SLICE_12
ROUTE         1     0.000    R25C10B.FCO to    R25C10C.FCI count_cry[8]
FCITOFCO_D  ---     0.081    R25C10C.FCI to    R25C10C.FCO SLICE_11
ROUTE         1     0.000    R25C10C.FCO to    R25C11A.FCI count_cry[10]
FCITOFCO_D  ---     0.081    R25C11A.FCI to    R25C11A.FCO SLICE_10
ROUTE         1     0.000    R25C11A.FCO to    R25C11B.FCI count_cry[12]
FCITOFCO_D  ---     0.081    R25C11B.FCI to    R25C11B.FCO SLICE_9
ROUTE         1     0.000    R25C11B.FCO to    R25C11C.FCI count_cry[14]
FCITOFCO_D  ---     0.081    R25C11C.FCI to    R25C11C.FCO SLICE_8
ROUTE         1     0.000    R25C11C.FCO to    R25C12A.FCI count_cry[16]
FCITOFCO_D  ---     0.081    R25C12A.FCI to    R25C12A.FCO SLICE_7
ROUTE         1     0.000    R25C12A.FCO to    R25C12B.FCI count_cry[18]
FCITOFCO_D  ---     0.081    R25C12B.FCI to    R25C12B.FCO SLICE_6
ROUTE         1     0.000    R25C12B.FCO to    R25C12C.FCI count_cry[20]
FCITOFCO_D  ---     0.081    R25C12C.FCI to    R25C12C.FCO SLICE_5
ROUTE         1     0.000    R25C12C.FCO to    R25C13A.FCI count_cry[22]
FCITOFCO_D  ---     0.081    R25C13A.FCI to    R25C13A.FCO SLICE_4
ROUTE         1     0.000    R25C13A.FCO to    R25C13B.FCI count_cry[24]
FCITOFCO_D  ---     0.081    R25C13B.FCI to    R25C13B.FCO SLICE_3
ROUTE         1     0.000    R25C13B.FCO to    R25C13C.FCI count_cry[26]
FCITOF0_DE  ---     0.305    R25C13C.FCI to     R25C13C.F0 SLICE_2
ROUTE         1     0.000     R25C13C.F0 to    R25C13C.DI0 count_s[27] (to ipClk_c)
                  --------
                    3.341   (73.3% logic, 26.7% route), 15 logic levels.

 Clock Skew Details: 

      Source Clock Path ipClk to SLICE_15:

   Name    Fanout   Delay (ns)          Site               Resource
ROUTE        16     1.233       21.PADDI to     R25C9B.CLK ipClk_c
                  --------
                    1.233   (0.0% logic, 100.0% route), 0 logic levels.

      Destination Clock Path ipClk to SLICE_2:

   Name    Fanout   Delay (ns)          Site               Resource
ROUTE        16     1.233       21.PADDI to    R25C13C.CLK ipClk_c
                  --------
                    1.233   (0.0% logic, 100.0% route), 0 logic levels.


Error: The following path exceeds requirements by 0.802ns

 Logical Details:  Cell type  Pin type       Cell/ASIC name  (clock net +/-)

   Source:         FF         Q              count[3]  (from ipClk_c +)
   Destination:    FF         Data in        count[30]  (to ipClk_c +)

   Delay:               3.328ns  (76.3% logic, 23.7% route), 15 logic levels.

 Constraint Details:

      3.328ns physical path delay SLICE_14 to SLICE_1 exceeds
      2.619ns delay constraint less
      0.000ns skew and
      0.093ns DIN_SET requirement (totaling 2.526ns) by 0.802ns

 Physical Path Details:

      Data path SLICE_14 to SLICE_1:

   Name    Fanout   Delay (ns)          Site               Resource
REG_DEL     ---     0.383     R25C9C.CLK to      R25C9C.Q0 SLICE_14 (from ipClk_c)
ROUTE         1     0.790      R25C9C.Q0 to      R25C9C.A0 count[3]
C0TOFCO_DE  ---     0.790      R25C9C.A0 to     R25C9C.FCO SLICE_14
ROUTE         1     0.000     R25C9C.FCO to    R25C10A.FCI count_cry[4]
FCITOFCO_D  ---     0.081    R25C10A.FCI to    R25C10A.FCO SLICE_13
ROUTE         1     0.000    R25C10A.FCO to    R25C10B.FCI count_cry[6]
FCITOFCO_D  ---     0.081    R25C10B.FCI to    R25C10B.FCO SLICE_12
ROUTE         1     0.000    R25C10B.FCO to    R25C10C.FCI count_cry[8]
FCITOFCO_D  ---     0.081    R25C10C.FCI to    R25C10C.FCO SLICE_11
ROUTE         1     0.000    R25C10C.FCO to    R25C11A.FCI count_cry[10]
FCITOFCO_D  ---     0.081    R25C11A.FCI to    R25C11A.FCO SLICE_10
ROUTE         1     0.000    R25C11A.FCO to    R25C11B.FCI count_cry[12]
FCITOFCO_D  ---     0.081    R25C11B.FCI to    R25C11B.FCO SLICE_9
ROUTE         1     0.000    R25C11B.FCO to    R25C11C.FCI count_cry[14]
FCITOFCO_D  ---     0.081    R25C11C.FCI to    R25C11C.FCO SLICE_8
ROUTE         1     0.000    R25C11C.FCO to    R25C12A.FCI count_cry[16]
FCITOFCO_D  ---     0.081    R25C12A.FCI to    R25C12A.FCO SLICE_7
ROUTE         1     0.000    R25C12A.FCO to    R25C12B.FCI count_cry[18]
FCITOFCO_D  ---     0.081    R25C12B.FCI to    R25C12B.FCO SLICE_6
ROUTE         1     0.000    R25C12B.FCO to    R25C12C.FCI count_cry[20]
FCITOFCO_D  ---     0.081    R25C12C.FCI to    R25C12C.FCO SLICE_5
ROUTE         1     0.000    R25C12C.FCO to    R25C13A.FCI count_cry[22]
FCITOFCO_D  ---     0.081    R25C13A.FCI to    R25C13A.FCO SLICE_4
ROUTE         1     0.000    R25C13A.FCO to    R25C13B.FCI count_cry[24]
FCITOFCO_D  ---     0.081    R25C13B.FCI to    R25C13B.FCO SLICE_3
ROUTE         1     0.000    R25C13B.FCO to    R25C13C.FCI count_cry[26]
FCITOFCO_D  ---     0.081    R25C13C.FCI to    R25C13C.FCO SLICE_2
ROUTE         1     0.000    R25C13C.FCO to    R25C14A.FCI count_cry[28]
FCITOF1_DE  ---     0.393    R25C14A.FCI to     R25C14A.F1 SLICE_1
ROUTE         1     0.000     R25C14A.F1 to    R25C14A.DI1 count_s[30] (to ipClk_c)
                  --------
                    3.328   (76.3% logic, 23.7% route), 15 logic levels.

 Clock Skew Details: 

      Source Clock Path ipClk to SLICE_14:

   Name    Fanout   Delay (ns)          Site               Resource
ROUTE        16     1.233       21.PADDI to     R25C9C.CLK ipClk_c
                  --------
                    1.233   (0.0% logic, 100.0% route), 0 logic levels.

      Destination Clock Path ipClk to SLICE_1:

   Name    Fanout   Delay (ns)          Site               Resource
ROUTE        16     1.233       21.PADDI to    R25C14A.CLK ipClk_c
                  --------
                    1.233   (0.0% logic, 100.0% route), 0 logic levels.


Error: The following path exceeds requirements by 0.741ns

 Logical Details:  Cell type  Pin type       Cell/ASIC name  (clock net +/-)

   Source:         FF         Q              count[7]  (from ipClk_c +)
   Destination:    FF         Data in        count[30]  (to ipClk_c +)

   Delay:               3.267ns  (72.7% logic, 27.3% route), 13 logic levels.

 Constraint Details:

      3.267ns physical path delay SLICE_12 to SLICE_1 exceeds
      2.619ns delay constraint less
      0.000ns skew and
      0.093ns DIN_SET requirement (totaling 2.526ns) by 0.741ns

 Physical Path Details:

      Data path SLICE_12 to SLICE_1:

   Name    Fanout   Delay (ns)          Site               Resource
REG_DEL     ---     0.383    R25C10B.CLK to     R25C10B.Q0 SLICE_12 (from ipClk_c)
ROUTE         1     0.891     R25C10B.Q0 to     R25C10B.B0 count[7]
C0TOFCO_DE  ---     0.790     R25C10B.B0 to    R25C10B.FCO SLICE_12
ROUTE         1     0.000    R25C10B.FCO to    R25C10C.FCI count_cry[8]
FCITOFCO_D  ---     0.081    R25C10C.FCI to    R25C10C.FCO SLICE_11
ROUTE         1     0.000    R25C10C.FCO to    R25C11A.FCI count_cry[10]
FCITOFCO_D  ---     0.081    R25C11A.FCI to    R25C11A.FCO SLICE_10
ROUTE         1     0.000    R25C11A.FCO to    R25C11B.FCI count_cry[12]
FCITOFCO_D  ---     0.081    R25C11B.FCI to    R25C11B.FCO SLICE_9
ROUTE         1     0.000    R25C11B.FCO to    R25C11C.FCI count_cry[14]
FCITOFCO_D  ---     0.081    R25C11C.FCI to    R25C11C.FCO SLICE_8
ROUTE         1     0.000    R25C11C.FCO to    R25C12A.FCI count_cry[16]
FCITOFCO_D  ---     0.081    R25C12A.FCI to    R25C12A.FCO SLICE_7
ROUTE         1     0.000    R25C12A.FCO to    R25C12B.FCI count_cry[18]
FCITOFCO_D  ---     0.081    R25C12B.FCI to    R25C12B.FCO SLICE_6
ROUTE         1     0.000    R25C12B.FCO to    R25C12C.FCI count_cry[20]
FCITOFCO_D  ---     0.081    R25C12C.FCI to    R25C12C.FCO SLICE_5
ROUTE         1     0.000    R25C12C.FCO to    R25C13A.FCI count_cry[22]
FCITOFCO_D  ---     0.081    R25C13A.FCI to    R25C13A.FCO SLICE_4
ROUTE         1     0.000    R25C13A.FCO to    R25C13B.FCI count_cry[24]
FCITOFCO_D  ---     0.081    R25C13B.FCI to    R25C13B.FCO SLICE_3
ROUTE         1     0.000    R25C13B.FCO to    R25C13C.FCI count_cry[26]
FCITOFCO_D  ---     0.081    R25C13C.FCI to    R25C13C.FCO SLICE_2
ROUTE         1     0.000    R25C13C.FCO to    R25C14A.FCI count_cry[28]
FCITOF1_DE  ---     0.393    R25C14A.FCI to     R25C14A.F1 SLICE_1
ROUTE         1     0.000     R25C14A.F1 to    R25C14A.DI1 count_s[30] (to ipClk_c)
                  --------
                    3.267   (72.7% logic, 27.3% route), 13 logic levels.

 Clock Skew Details: 

      Source Clock Path ipClk to SLICE_12:

   Name    Fanout   Delay (ns)          Site               Resource
ROUTE        16     1.233       21.PADDI to    R25C10B.CLK ipClk_c
                  --------
                    1.233   (0.0% logic, 100.0% route), 0 logic levels.

      Destination Clock Path ipClk to SLICE_1:

   Name    Fanout   Delay (ns)          Site               Resource
ROUTE        16     1.233       21.PADDI to    R25C14A.CLK ipClk_c
                  --------
                    1.233   (0.0% logic, 100.0% route), 0 logic levels.


Error: The following path exceeds requirements by 0.741ns

 Logical Details:  Cell type  Pin type       Cell/ASIC name  (clock net +/-)

   Source:         FF         Q              count[5]  (from ipClk_c +)
   Destination:    FF         Data in        count[28]  (to ipClk_c +)

   Delay:               3.267ns  (72.7% logic, 27.3% route), 13 logic levels.

 Constraint Details:

      3.267ns physical path delay SLICE_13 to SLICE_2 exceeds
      2.619ns delay constraint less
      0.000ns skew and
      0.093ns DIN_SET requirement (totaling 2.526ns) by 0.741ns

 Physical Path Details:

      Data path SLICE_13 to SLICE_2:

   Name    Fanout   Delay (ns)          Site               Resource
REG_DEL     ---     0.383    R25C10A.CLK to     R25C10A.Q0 SLICE_13 (from ipClk_c)
ROUTE         1     0.891     R25C10A.Q0 to     R25C10A.B0 count[5]
C0TOFCO_DE  ---     0.790     R25C10A.B0 to    R25C10A.FCO SLICE_13
ROUTE         1     0.000    R25C10A.FCO to    R25C10B.FCI count_cry[6]
FCITOFCO_D  ---     0.081    R25C10B.FCI to    R25C10B.FCO SLICE_12
ROUTE         1     0.000    R25C10B.FCO to    R25C10C.FCI count_cry[8]
FCITOFCO_D  ---     0.081    R25C10C.FCI to    R25C10C.FCO SLICE_11
ROUTE         1     0.000    R25C10C.FCO to    R25C11A.FCI count_cry[10]
FCITOFCO_D  ---     0.081    R25C11A.FCI to    R25C11A.FCO SLICE_10
ROUTE         1     0.000    R25C11A.FCO to    R25C11B.FCI count_cry[12]
FCITOFCO_D  ---     0.081    R25C11B.FCI to    R25C11B.FCO SLICE_9
ROUTE         1     0.000    R25C11B.FCO to    R25C11C.FCI count_cry[14]
FCITOFCO_D  ---     0.081    R25C11C.FCI to    R25C11C.FCO SLICE_8
ROUTE         1     0.000    R25C11C.FCO to    R25C12A.FCI count_cry[16]
FCITOFCO_D  ---     0.081    R25C12A.FCI to    R25C12A.FCO SLICE_7
ROUTE         1     0.000    R25C12A.FCO to    R25C12B.FCI count_cry[18]
FCITOFCO_D  ---     0.081    R25C12B.FCI to    R25C12B.FCO SLICE_6
ROUTE         1     0.000    R25C12B.FCO to    R25C12C.FCI count_cry[20]
FCITOFCO_D  ---     0.081    R25C12C.FCI to    R25C12C.FCO SLICE_5
ROUTE         1     0.000    R25C12C.FCO to    R25C13A.FCI count_cry[22]
FCITOFCO_D  ---     0.081    R25C13A.FCI to    R25C13A.FCO SLICE_4
ROUTE         1     0.000    R25C13A.FCO to    R25C13B.FCI count_cry[24]
FCITOFCO_D  ---     0.081    R25C13B.FCI to    R25C13B.FCO SLICE_3
ROUTE         1     0.000    R25C13B.FCO to    R25C13C.FCI count_cry[26]
FCITOF1_DE  ---     0.393    R25C13C.FCI to     R25C13C.F1 SLICE_2
ROUTE         1     0.000     R25C13C.F1 to    R25C13C.DI1 count_s[28] (to ipClk_c)
                  --------
                    3.267   (72.7% logic, 27.3% route), 13 logic levels.

 Clock Skew Details: 

      Source Clock Path ipClk to SLICE_13:

   Name    Fanout   Delay (ns)          Site               Resource
ROUTE        16     1.233       21.PADDI to    R25C10A.CLK ipClk_c
                  --------
                    1.233   (0.0% logic, 100.0% route), 0 logic levels.

      Destination Clock Path ipClk to SLICE_2:

   Name    Fanout   Delay (ns)          Site               Resource
ROUTE        16     1.233       21.PADDI to    R25C13C.CLK ipClk_c
                  --------
                    1.233   (0.0% logic, 100.0% route), 0 logic levels.


Error: The following path exceeds requirements by 0.741ns

 Logical Details:  Cell type  Pin type       Cell/ASIC name  (clock net +/-)

   Source:         FF         Q              count[1]  (from ipClk_c +)
   Destination:    FF         Data in        count[24]  (to ipClk_c +)

   Delay:               3.267ns  (72.7% logic, 27.3% route), 13 logic levels.

 Constraint Details:

      3.267ns physical path delay SLICE_15 to SLICE_4 exceeds
      2.619ns delay constraint less
      0.000ns skew and
      0.093ns DIN_SET requirement (totaling 2.526ns) by 0.741ns

 Physical Path Details:

      Data path SLICE_15 to SLICE_4:

   Name    Fanout   Delay (ns)          Site               Resource
REG_DEL     ---     0.383     R25C9B.CLK to      R25C9B.Q0 SLICE_15 (from ipClk_c)
ROUTE         1     0.891      R25C9B.Q0 to      R25C9B.B0 count[1]
C0TOFCO_DE  ---     0.790      R25C9B.B0 to     R25C9B.FCO SLICE_15
ROUTE         1     0.000     R25C9B.FCO to     R25C9C.FCI count_cry[2]
FCITOFCO_D  ---     0.081     R25C9C.FCI to     R25C9C.FCO SLICE_14
ROUTE         1     0.000     R25C9C.FCO to    R25C10A.FCI count_cry[4]
FCITOFCO_D  ---     0.081    R25C10A.FCI to    R25C10A.FCO SLICE_13
ROUTE         1     0.000    R25C10A.FCO to    R25C10B.FCI count_cry[6]
FCITOFCO_D  ---     0.081    R25C10B.FCI to    R25C10B.FCO SLICE_12
ROUTE         1     0.000    R25C10B.FCO to    R25C10C.FCI count_cry[8]
FCITOFCO_D  ---     0.081    R25C10C.FCI to    R25C10C.FCO SLICE_11
ROUTE         1     0.000    R25C10C.FCO to    R25C11A.FCI count_cry[10]
FCITOFCO_D  ---     0.081    R25C11A.FCI to    R25C11A.FCO SLICE_10
ROUTE         1     0.000    R25C11A.FCO to    R25C11B.FCI count_cry[12]
FCITOFCO_D  ---     0.081    R25C11B.FCI to    R25C11B.FCO SLICE_9
ROUTE         1     0.000    R25C11B.FCO to    R25C11C.FCI count_cry[14]
FCITOFCO_D  ---     0.081    R25C11C.FCI to    R25C11C.FCO SLICE_8
ROUTE         1     0.000    R25C11C.FCO to    R25C12A.FCI count_cry[16]
FCITOFCO_D  ---     0.081    R25C12A.FCI to    R25C12A.FCO SLICE_7
ROUTE         1     0.000    R25C12A.FCO to    R25C12B.FCI count_cry[18]
FCITOFCO_D  ---     0.081    R25C12B.FCI to    R25C12B.FCO SLICE_6
ROUTE         1     0.000    R25C12B.FCO to    R25C12C.FCI count_cry[20]
FCITOFCO_D  ---     0.081    R25C12C.FCI to    R25C12C.FCO SLICE_5
ROUTE         1     0.000    R25C12C.FCO to    R25C13A.FCI count_cry[22]
FCITOF1_DE  ---     0.393    R25C13A.FCI to     R25C13A.F1 SLICE_4
ROUTE         1     0.000     R25C13A.F1 to    R25C13A.DI1 count_s[24] (to ipClk_c)
                  --------
                    3.267   (72.7% logic, 27.3% route), 13 logic levels.

 Clock Skew Details: 

      Source Clock Path ipClk to SLICE_15:

   Name    Fanout   Delay (ns)          Site               Resource
ROUTE        16     1.233       21.PADDI to     R25C9B.CLK ipClk_c
                  --------
                    1.233   (0.0% logic, 100.0% route), 0 logic levels.

      Destination Clock Path ipClk to SLICE_4:

   Name    Fanout   Delay (ns)          Site               Resource
ROUTE        16     1.233       21.PADDI to    R25C13A.CLK ipClk_c
                  --------
                    1.233   (0.0% logic, 100.0% route), 0 logic levels.

Warning: 277.546MHz is the maximum frequency for this preference.

Report Summary
--------------
----------------------------------------------------------------------------
Preference                              |   Constraint|       Actual|Levels
----------------------------------------------------------------------------
                                        |             |             |
FREQUENCY NET "ipClk_c" 381.825000 MHz  |             |             |
;                                       |  381.825 MHz|  277.546 MHz|  16 *
                                        |             |             |
----------------------------------------------------------------------------


1 preference(marked by "*" above) not met.

----------------------------------------------------------------------------
Critical Nets                           |   Loads|  Errors| % of total
----------------------------------------------------------------------------
count_cry[14]                           |       1|     154|     76.24%
                                        |        |        |
count_cry[16]                           |       1|     152|     75.25%
                                        |        |        |
count_cry[12]                           |       1|     149|     73.76%
                                        |        |        |
count_cry[18]                           |       1|     148|     73.27%
                                        |        |        |
count_cry[10]                           |       1|     139|     68.81%
                                        |        |        |
count_cry[20]                           |       1|     138|     68.32%
                                        |        |        |
count_cry[8]                            |       1|     126|     62.38%
                                        |        |        |
count_cry[22]                           |       1|     119|     58.91%
                                        |        |        |
count_cry[6]                            |       1|     104|     51.49%
                                        |        |        |
count_cry[24]                           |       1|      97|     48.02%
                                        |        |        |
count_cry[4]                            |       1|      77|     38.12%
                                        |        |        |
count_cry[26]                           |       1|      69|     34.16%
                                        |        |        |
count_cry[2]                            |       1|      49|     24.26%
                                        |        |        |
count_cry[28]                           |       1|      37|     18.32%
                                        |        |        |
count[1]                                |       1|      25|     12.38%
                                        |        |        |
count[5]                                |       1|      21|     10.40%
                                        |        |        |
----------------------------------------------------------------------------


Clock Domains Analysis
------------------------

Found 1 clocks:

Clock Domain: ipClk_c   Source: ipClk.PAD   Loads: 16
   Covered under: FREQUENCY NET "ipClk_c" 381.825000 MHz ;


Timing summary (Setup):
---------------

Timing errors: 202  Score: 60064
Cumulative negative slack: 60064

Constraints cover 496 paths, 1 nets, and 124 connections (93.94% coverage)

--------------------------------------------------------------------------------
Lattice TRACE Report - Hold, Version Diamond (64-bit) 3.12.0.240.2
Wed Apr 27 14:28:46 2022

Copyright (c) 1991-1994 by NeoCAD Inc. All rights reserved.
Copyright (c) 1995 AT&T Corp.   All rights reserved.
Copyright (c) 1995-2001 Lucent Technologies Inc.  All rights reserved.
Copyright (c) 2001 Agere Systems   All rights reserved.
Copyright (c) 2002-2020 Lattice Semiconductor Corporation,  All rights reserved.

Report Information
------------------
Command line:    trce -v 10 -gt -sethld -sp 5 -sphld m -o Counter_impl1.twr -gui -msgset C:/Users/Dayalan Nair/OneDrive - University of Cape Town/LATTICE/Counter/promote.xml Counter_impl1.ncd Counter_impl1.prf 
Design file:     counter_impl1.ncd
Preference file: counter_impl1.prf
Device,speed:    LFXP2-5E,m
Report level:    verbose report, limited to 10 items per preference
--------------------------------------------------------------------------------

BLOCK ASYNCPATHS
BLOCK RESETPATHS
--------------------------------------------------------------------------------



================================================================================
Preference: FREQUENCY NET "ipClk_c" 381.825000 MHz ;
            496 items scored, 0 timing errors detected.
--------------------------------------------------------------------------------


Passed: The following path meets requirements by 0.328ns

 Logical Details:  Cell type  Pin type       Cell/ASIC name  (clock net +/-)

   Source:         FF         Q              count[0]  (from ipClk_c +)
   Destination:    FF         Data in        count[0]  (to ipClk_c +)

   Delay:               0.329ns  (54.4% logic, 45.6% route), 2 logic levels.

 Constraint Details:

      0.329ns physical path delay SLICE_0 to SLICE_0 meets
      0.001ns DIN_HLD and
      0.000ns delay constraint less
      0.000ns skew requirement (totaling 0.001ns) by 0.328ns

 Physical Path Details:

      Data path SLICE_0 to SLICE_0:

   Name    Fanout   Delay (ns)          Site               Resource
REG_DEL     ---     0.120     R25C9A.CLK to      R25C9A.Q1 SLICE_0 (from ipClk_c)
ROUTE         1     0.150      R25C9A.Q1 to      R25C9A.B1 count[0]
CTOF_DEL    ---     0.059      R25C9A.B1 to      R25C9A.F1 SLICE_0
ROUTE         1     0.000      R25C9A.F1 to     R25C9A.DI1 count_s[0] (to ipClk_c)
                  --------
                    0.329   (54.4% logic, 45.6% route), 2 logic levels.

 Clock Skew Details: 

      Source Clock Path ipClk to SLICE_0:

   Name    Fanout   Delay (ns)          Site               Resource
ROUTE        16     0.300       21.PADDI to     R25C9A.CLK ipClk_c
                  --------
                    0.300   (0.0% logic, 100.0% route), 0 logic levels.

      Destination Clock Path ipClk to SLICE_0:

   Name    Fanout   Delay (ns)          Site               Resource
ROUTE        16     0.300       21.PADDI to     R25C9A.CLK ipClk_c
                  --------
                    0.300   (0.0% logic, 100.0% route), 0 logic levels.


Passed: The following path meets requirements by 0.328ns

 Logical Details:  Cell type  Pin type       Cell/ASIC name  (clock net +/-)

   Source:         FF         Q              count[12]  (from ipClk_c +)
   Destination:    FF         Data in        count[12]  (to ipClk_c +)

   Delay:               0.329ns  (54.4% logic, 45.6% route), 2 logic levels.

 Constraint Details:

      0.329ns physical path delay SLICE_10 to SLICE_10 meets
      0.001ns DIN_HLD and
      0.000ns delay constraint less
      0.000ns skew requirement (totaling 0.001ns) by 0.328ns

 Physical Path Details:

      Data path SLICE_10 to SLICE_10:

   Name    Fanout   Delay (ns)          Site               Resource
REG_DEL     ---     0.120    R25C11A.CLK to     R25C11A.Q1 SLICE_10 (from ipClk_c)
ROUTE         1     0.150     R25C11A.Q1 to     R25C11A.B1 count[12]
CTOF_DEL    ---     0.059     R25C11A.B1 to     R25C11A.F1 SLICE_10
ROUTE         1     0.000     R25C11A.F1 to    R25C11A.DI1 count_s[12] (to ipClk_c)
                  --------
                    0.329   (54.4% logic, 45.6% route), 2 logic levels.

 Clock Skew Details: 

      Source Clock Path ipClk to SLICE_10:

   Name    Fanout   Delay (ns)          Site               Resource
ROUTE        16     0.300       21.PADDI to    R25C11A.CLK ipClk_c
                  --------
                    0.300   (0.0% logic, 100.0% route), 0 logic levels.

      Destination Clock Path ipClk to SLICE_10:

   Name    Fanout   Delay (ns)          Site               Resource
ROUTE        16     0.300       21.PADDI to    R25C11A.CLK ipClk_c
                  --------
                    0.300   (0.0% logic, 100.0% route), 0 logic levels.


Passed: The following path meets requirements by 0.328ns

 Logical Details:  Cell type  Pin type       Cell/ASIC name  (clock net +/-)

   Source:         FF         Q              count[10]  (from ipClk_c +)
   Destination:    FF         Data in        count[10]  (to ipClk_c +)

   Delay:               0.329ns  (54.4% logic, 45.6% route), 2 logic levels.

 Constraint Details:

      0.329ns physical path delay SLICE_11 to SLICE_11 meets
      0.001ns DIN_HLD and
      0.000ns delay constraint less
      0.000ns skew requirement (totaling 0.001ns) by 0.328ns

 Physical Path Details:

      Data path SLICE_11 to SLICE_11:

   Name    Fanout   Delay (ns)          Site               Resource
REG_DEL     ---     0.120    R25C10C.CLK to     R25C10C.Q1 SLICE_11 (from ipClk_c)
ROUTE         1     0.150     R25C10C.Q1 to     R25C10C.B1 count[10]
CTOF_DEL    ---     0.059     R25C10C.B1 to     R25C10C.F1 SLICE_11
ROUTE         1     0.000     R25C10C.F1 to    R25C10C.DI1 count_s[10] (to ipClk_c)
                  --------
                    0.329   (54.4% logic, 45.6% route), 2 logic levels.

 Clock Skew Details: 

      Source Clock Path ipClk to SLICE_11:

   Name    Fanout   Delay (ns)          Site               Resource
ROUTE        16     0.300       21.PADDI to    R25C10C.CLK ipClk_c
                  --------
                    0.300   (0.0% logic, 100.0% route), 0 logic levels.

      Destination Clock Path ipClk to SLICE_11:

   Name    Fanout   Delay (ns)          Site               Resource
ROUTE        16     0.300       21.PADDI to    R25C10C.CLK ipClk_c
                  --------
                    0.300   (0.0% logic, 100.0% route), 0 logic levels.


Passed: The following path meets requirements by 0.328ns

 Logical Details:  Cell type  Pin type       Cell/ASIC name  (clock net +/-)

   Source:         FF         Q              count[8]  (from ipClk_c +)
   Destination:    FF         Data in        count[8]  (to ipClk_c +)

   Delay:               0.329ns  (54.4% logic, 45.6% route), 2 logic levels.

 Constraint Details:

      0.329ns physical path delay SLICE_12 to SLICE_12 meets
      0.001ns DIN_HLD and
      0.000ns delay constraint less
      0.000ns skew requirement (totaling 0.001ns) by 0.328ns

 Physical Path Details:

      Data path SLICE_12 to SLICE_12:

   Name    Fanout   Delay (ns)          Site               Resource
REG_DEL     ---     0.120    R25C10B.CLK to     R25C10B.Q1 SLICE_12 (from ipClk_c)
ROUTE         1     0.150     R25C10B.Q1 to     R25C10B.B1 count[8]
CTOF_DEL    ---     0.059     R25C10B.B1 to     R25C10B.F1 SLICE_12
ROUTE         1     0.000     R25C10B.F1 to    R25C10B.DI1 count_s[8] (to ipClk_c)
                  --------
                    0.329   (54.4% logic, 45.6% route), 2 logic levels.

 Clock Skew Details: 

      Source Clock Path ipClk to SLICE_12:

   Name    Fanout   Delay (ns)          Site               Resource
ROUTE        16     0.300       21.PADDI to    R25C10B.CLK ipClk_c
                  --------
                    0.300   (0.0% logic, 100.0% route), 0 logic levels.

      Destination Clock Path ipClk to SLICE_12:

   Name    Fanout   Delay (ns)          Site               Resource
ROUTE        16     0.300       21.PADDI to    R25C10B.CLK ipClk_c
                  --------
                    0.300   (0.0% logic, 100.0% route), 0 logic levels.


Passed: The following path meets requirements by 0.328ns

 Logical Details:  Cell type  Pin type       Cell/ASIC name  (clock net +/-)

   Source:         FF         Q              count[6]  (from ipClk_c +)
   Destination:    FF         Data in        count[6]  (to ipClk_c +)

   Delay:               0.329ns  (54.4% logic, 45.6% route), 2 logic levels.

 Constraint Details:

      0.329ns physical path delay SLICE_13 to SLICE_13 meets
      0.001ns DIN_HLD and
      0.000ns delay constraint less
      0.000ns skew requirement (totaling 0.001ns) by 0.328ns

 Physical Path Details:

      Data path SLICE_13 to SLICE_13:

   Name    Fanout   Delay (ns)          Site               Resource
REG_DEL     ---     0.120    R25C10A.CLK to     R25C10A.Q1 SLICE_13 (from ipClk_c)
ROUTE         1     0.150     R25C10A.Q1 to     R25C10A.B1 count[6]
CTOF_DEL    ---     0.059     R25C10A.B1 to     R25C10A.F1 SLICE_13
ROUTE         1     0.000     R25C10A.F1 to    R25C10A.DI1 count_s[6] (to ipClk_c)
                  --------
                    0.329   (54.4% logic, 45.6% route), 2 logic levels.

 Clock Skew Details: 

      Source Clock Path ipClk to SLICE_13:

   Name    Fanout   Delay (ns)          Site               Resource
ROUTE        16     0.300       21.PADDI to    R25C10A.CLK ipClk_c
                  --------
                    0.300   (0.0% logic, 100.0% route), 0 logic levels.

      Destination Clock Path ipClk to SLICE_13:

   Name    Fanout   Delay (ns)          Site               Resource
ROUTE        16     0.300       21.PADDI to    R25C10A.CLK ipClk_c
                  --------
                    0.300   (0.0% logic, 100.0% route), 0 logic levels.


Passed: The following path meets requirements by 0.328ns

 Logical Details:  Cell type  Pin type       Cell/ASIC name  (clock net +/-)

   Source:         FF         Q              count[4]  (from ipClk_c +)
   Destination:    FF         Data in        count[4]  (to ipClk_c +)

   Delay:               0.329ns  (54.4% logic, 45.6% route), 2 logic levels.

 Constraint Details:

      0.329ns physical path delay SLICE_14 to SLICE_14 meets
      0.001ns DIN_HLD and
      0.000ns delay constraint less
      0.000ns skew requirement (totaling 0.001ns) by 0.328ns

 Physical Path Details:

      Data path SLICE_14 to SLICE_14:

   Name    Fanout   Delay (ns)          Site               Resource
REG_DEL     ---     0.120     R25C9C.CLK to      R25C9C.Q1 SLICE_14 (from ipClk_c)
ROUTE         1     0.150      R25C9C.Q1 to      R25C9C.B1 count[4]
CTOF_DEL    ---     0.059      R25C9C.B1 to      R25C9C.F1 SLICE_14
ROUTE         1     0.000      R25C9C.F1 to     R25C9C.DI1 count_s[4] (to ipClk_c)
                  --------
                    0.329   (54.4% logic, 45.6% route), 2 logic levels.

 Clock Skew Details: 

      Source Clock Path ipClk to SLICE_14:

   Name    Fanout   Delay (ns)          Site               Resource
ROUTE        16     0.300       21.PADDI to     R25C9C.CLK ipClk_c
                  --------
                    0.300   (0.0% logic, 100.0% route), 0 logic levels.

      Destination Clock Path ipClk to SLICE_14:

   Name    Fanout   Delay (ns)          Site               Resource
ROUTE        16     0.300       21.PADDI to     R25C9C.CLK ipClk_c
                  --------
                    0.300   (0.0% logic, 100.0% route), 0 logic levels.


Passed: The following path meets requirements by 0.328ns

 Logical Details:  Cell type  Pin type       Cell/ASIC name  (clock net +/-)

   Source:         FF         Q              count[2]  (from ipClk_c +)
   Destination:    FF         Data in        count[2]  (to ipClk_c +)

   Delay:               0.329ns  (54.4% logic, 45.6% route), 2 logic levels.

 Constraint Details:

      0.329ns physical path delay SLICE_15 to SLICE_15 meets
      0.001ns DIN_HLD and
      0.000ns delay constraint less
      0.000ns skew requirement (totaling 0.001ns) by 0.328ns

 Physical Path Details:

      Data path SLICE_15 to SLICE_15:

   Name    Fanout   Delay (ns)          Site               Resource
REG_DEL     ---     0.120     R25C9B.CLK to      R25C9B.Q1 SLICE_15 (from ipClk_c)
ROUTE         1     0.150      R25C9B.Q1 to      R25C9B.B1 count[2]
CTOF_DEL    ---     0.059      R25C9B.B1 to      R25C9B.F1 SLICE_15
ROUTE         1     0.000      R25C9B.F1 to     R25C9B.DI1 count_s[2] (to ipClk_c)
                  --------
                    0.329   (54.4% logic, 45.6% route), 2 logic levels.

 Clock Skew Details: 

      Source Clock Path ipClk to SLICE_15:

   Name    Fanout   Delay (ns)          Site               Resource
ROUTE        16     0.300       21.PADDI to     R25C9B.CLK ipClk_c
                  --------
                    0.300   (0.0% logic, 100.0% route), 0 logic levels.

      Destination Clock Path ipClk to SLICE_15:

   Name    Fanout   Delay (ns)          Site               Resource
ROUTE        16     0.300       21.PADDI to     R25C9B.CLK ipClk_c
                  --------
                    0.300   (0.0% logic, 100.0% route), 0 logic levels.


Passed: The following path meets requirements by 0.328ns

 Logical Details:  Cell type  Pin type       Cell/ASIC name  (clock net +/-)

   Source:         FF         Q              count[22]  (from ipClk_c +)
   Destination:    FF         Data in        count[22]  (to ipClk_c +)

   Delay:               0.329ns  (54.4% logic, 45.6% route), 2 logic levels.

 Constraint Details:

      0.329ns physical path delay SLICE_5 to SLICE_5 meets
      0.001ns DIN_HLD and
      0.000ns delay constraint less
      0.000ns skew requirement (totaling 0.001ns) by 0.328ns

 Physical Path Details:

      Data path SLICE_5 to SLICE_5:

   Name    Fanout   Delay (ns)          Site               Resource
REG_DEL     ---     0.120    R25C12C.CLK to     R25C12C.Q1 SLICE_5 (from ipClk_c)
ROUTE         1     0.150     R25C12C.Q1 to     R25C12C.B1 count[22]
CTOF_DEL    ---     0.059     R25C12C.B1 to     R25C12C.F1 SLICE_5
ROUTE         1     0.000     R25C12C.F1 to    R25C12C.DI1 count_s[22] (to ipClk_c)
                  --------
                    0.329   (54.4% logic, 45.6% route), 2 logic levels.

 Clock Skew Details: 

      Source Clock Path ipClk to SLICE_5:

   Name    Fanout   Delay (ns)          Site               Resource
ROUTE        16     0.300       21.PADDI to    R25C12C.CLK ipClk_c
                  --------
                    0.300   (0.0% logic, 100.0% route), 0 logic levels.

      Destination Clock Path ipClk to SLICE_5:

   Name    Fanout   Delay (ns)          Site               Resource
ROUTE        16     0.300       21.PADDI to    R25C12C.CLK ipClk_c
                  --------
                    0.300   (0.0% logic, 100.0% route), 0 logic levels.


Passed: The following path meets requirements by 0.328ns

 Logical Details:  Cell type  Pin type       Cell/ASIC name  (clock net +/-)

   Source:         FF         Q              count[20]  (from ipClk_c +)
   Destination:    FF         Data in        count[20]  (to ipClk_c +)

   Delay:               0.329ns  (54.4% logic, 45.6% route), 2 logic levels.

 Constraint Details:

      0.329ns physical path delay SLICE_6 to SLICE_6 meets
      0.001ns DIN_HLD and
      0.000ns delay constraint less
      0.000ns skew requirement (totaling 0.001ns) by 0.328ns

 Physical Path Details:

      Data path SLICE_6 to SLICE_6:

   Name    Fanout   Delay (ns)          Site               Resource
REG_DEL     ---     0.120    R25C12B.CLK to     R25C12B.Q1 SLICE_6 (from ipClk_c)
ROUTE         1     0.150     R25C12B.Q1 to     R25C12B.B1 count[20]
CTOF_DEL    ---     0.059     R25C12B.B1 to     R25C12B.F1 SLICE_6
ROUTE         1     0.000     R25C12B.F1 to    R25C12B.DI1 count_s[20] (to ipClk_c)
                  --------
                    0.329   (54.4% logic, 45.6% route), 2 logic levels.

 Clock Skew Details: 

      Source Clock Path ipClk to SLICE_6:

   Name    Fanout   Delay (ns)          Site               Resource
ROUTE        16     0.300       21.PADDI to    R25C12B.CLK ipClk_c
                  --------
                    0.300   (0.0% logic, 100.0% route), 0 logic levels.

      Destination Clock Path ipClk to SLICE_6:

   Name    Fanout   Delay (ns)          Site               Resource
ROUTE        16     0.300       21.PADDI to    R25C12B.CLK ipClk_c
                  --------
                    0.300   (0.0% logic, 100.0% route), 0 logic levels.


Passed: The following path meets requirements by 0.328ns

 Logical Details:  Cell type  Pin type       Cell/ASIC name  (clock net +/-)

   Source:         FF         Q              count[18]  (from ipClk_c +)
   Destination:    FF         Data in        count[18]  (to ipClk_c +)

   Delay:               0.329ns  (54.4% logic, 45.6% route), 2 logic levels.

 Constraint Details:

      0.329ns physical path delay SLICE_7 to SLICE_7 meets
      0.001ns DIN_HLD and
      0.000ns delay constraint less
      0.000ns skew requirement (totaling 0.001ns) by 0.328ns

 Physical Path Details:

      Data path SLICE_7 to SLICE_7:

   Name    Fanout   Delay (ns)          Site               Resource
REG_DEL     ---     0.120    R25C12A.CLK to     R25C12A.Q1 SLICE_7 (from ipClk_c)
ROUTE         1     0.150     R25C12A.Q1 to     R25C12A.B1 count[18]
CTOF_DEL    ---     0.059     R25C12A.B1 to     R25C12A.F1 SLICE_7
ROUTE         1     0.000     R25C12A.F1 to    R25C12A.DI1 count_s[18] (to ipClk_c)
                  --------
                    0.329   (54.4% logic, 45.6% route), 2 logic levels.

 Clock Skew Details: 

      Source Clock Path ipClk to SLICE_7:

   Name    Fanout   Delay (ns)          Site               Resource
ROUTE        16     0.300       21.PADDI to    R25C12A.CLK ipClk_c
                  --------
                    0.300   (0.0% logic, 100.0% route), 0 logic levels.

      Destination Clock Path ipClk to SLICE_7:

   Name    Fanout   Delay (ns)          Site               Resource
ROUTE        16     0.300       21.PADDI to    R25C12A.CLK ipClk_c
                  --------
                    0.300   (0.0% logic, 100.0% route), 0 logic levels.

Report Summary
--------------
----------------------------------------------------------------------------
Preference(MIN Delays)                  |   Constraint|       Actual|Levels
----------------------------------------------------------------------------
                                        |             |             |
FREQUENCY NET "ipClk_c" 381.825000 MHz  |             |             |
;                                       |     0.000 ns|     0.328 ns|   2  
                                        |             |             |
----------------------------------------------------------------------------


All preferences were met.


Clock Domains Analysis
------------------------

Found 1 clocks:

Clock Domain: ipClk_c   Source: ipClk.PAD   Loads: 16
   Covered under: FREQUENCY NET "ipClk_c" 381.825000 MHz ;


Timing summary (Hold):
---------------

Timing errors: 0  Score: 0
Cumulative negative slack: 0

Constraints cover 496 paths, 1 nets, and 124 connections (93.94% coverage)



Timing summary (Setup and Hold):
---------------

Timing errors: 202 (setup), 0 (hold)
Score: 60064 (setup), 0 (hold)
Cumulative negative slack: 60064 (60064+0)
--------------------------------------------------------------------------------

--------------------------------------------------------------------------------

