C:\lscc\diamond\3.12\synpbase\bin64\c_hdl.exe  -osyn  "C:\Users\Dayalan Nair\Desktop\UCT-FPGA-Course-2022\dnair_practicals\Counter\impl1\synwork\Counter_impl1_comp.srs"  -top  UART_wrapper  -hdllog  "C:\Users\Dayalan Nair\Desktop\UCT-FPGA-Course-2022\dnair_practicals\Counter\impl1\synlog\Counter_impl1_compiler.srr"  -encrypt  -mp  1  -verification_mode 0  -verilog  -prodtype  synplify_pro  -fixsmult -infer_seqShift -nram -sdff_counter -divnmod -nostructver   -I "C:\Users\Dayalan Nair\Desktop\UCT-FPGA-Course-2022\dnair_practicals\Counter"  -I "C:\Users\Dayalan Nair\Desktop\UCT-FPGA-Course-2022\dnair_practicals\Counter\impl1\"  -I C:\lscc\diamond\3.12\synpbase\lib   -sysv  -devicelib  C:\lscc\diamond\3.12\synpbase\lib\lucent\xp2.v  -devicelib  C:\lscc\diamond\3.12\synpbase\lib\lucent\pmi_def.v  -encrypt  -pro  -dmgen  "C:\Users\Dayalan Nair\Desktop\UCT-FPGA-Course-2022\dnair_practicals\Counter\impl1\dm"  -ui -fid2 -ram -sharing on -ll 2000 -autosm  -D_MULTIPLE_FILE_COMPILATION_UNIT_  -lib work -fsysv "C:\Users\Dayalan Nair\Desktop\UCT-FPGA-Course-2022\dnair_practicals\Counter\Structures.v" -lib work -fsysv "C:\Users\Dayalan Nair\Desktop\UCT-FPGA-Course-2022\dnair_practicals\Counter\UART_wrapper.v" -lib work -fsysv "C:\Users\Dayalan Nair\Desktop\UCT-FPGA-Course-2022\dnair_practicals\Counter\Registers.v" -lib work -fsysv "C:\Users\Dayalan Nair\Desktop\UCT-FPGA-Course-2022\dnair_practicals\Counter\Control.v" -lib work -fsysv "C:\Users\Dayalan Nair\Desktop\UCT-FPGA-Course-2022\dnair_practicals\Counter\UART_Packets.v" -lib work -fsysv "C:\Users\Dayalan Nair\Desktop\UCT-FPGA-Course-2022\dnair_practicals\Counter\UART.v"  -jobname  "compiler" 
relcom:..\..\..\..\..\..\..\..\lscc\diamond\3.12\synpbase\bin64\c_hdl.exe -osyn "C:\Users\Dayalan Nair\Desktop\UCT-FPGA-Course-2022\dnair_practicals\Counter\impl1\synwork\Counter_impl1_comp.srs" -top UART_wrapper -hdllog "C:\Users\Dayalan Nair\Desktop\UCT-FPGA-Course-2022\dnair_practicals\Counter\impl1\synlog\Counter_impl1_compiler.srr" -encrypt -mp 1 -verification_mode 0 -verilog -prodtype synplify_pro -fixsmult -infer_seqShift -nram -sdff_counter -divnmod -nostructver -I "C:\Users\Dayalan Nair\Desktop\UCT-FPGA-Course-2022\dnair_practicals\Counter" -I "C:\Users\Dayalan Nair\Desktop\UCT-FPGA-Course-2022\dnair_practicals\Counter\impl1\" -I ..\..\..\..\..\..\..\..\lscc\diamond\3.12\synpbase\lib -sysv -devicelib ..\..\..\..\..\..\..\..\lscc\diamond\3.12\synpbase\lib\lucent\xp2.v -devicelib ..\..\..\..\..\..\..\..\lscc\diamond\3.12\synpbase\lib\lucent\pmi_def.v -encrypt -pro -dmgen "C:\Users\Dayalan Nair\Desktop\UCT-FPGA-Course-2022\dnair_practicals\Counter\impl1\dm" -ui -fid2 -ram -sharing on -ll 2000 -autosm -D_MULTIPLE_FILE_COMPILATION_UNIT_ -lib work -fsysv "C:\Users\Dayalan Nair\Desktop\UCT-FPGA-Course-2022\dnair_practicals\Counter\Structures.v" -lib work -fsysv "C:\Users\Dayalan Nair\Desktop\UCT-FPGA-Course-2022\dnair_practicals\Counter\UART_wrapper.v" -lib work -fsysv "C:\Users\Dayalan Nair\Desktop\UCT-FPGA-Course-2022\dnair_practicals\Counter\Registers.v" -lib work -fsysv "C:\Users\Dayalan Nair\Desktop\UCT-FPGA-Course-2022\dnair_practicals\Counter\Control.v" -lib work -fsysv "C:\Users\Dayalan Nair\Desktop\UCT-FPGA-Course-2022\dnair_practicals\Counter\UART_Packets.v" -lib work -fsysv "C:\Users\Dayalan Nair\Desktop\UCT-FPGA-Course-2022\dnair_practicals\Counter\UART.v" -jobname "compiler"
rc:2 success:0 runtime:2
file:..\synwork\Counter_impl1_comp.srs|io:o|time:0|size:-1|exec:0|csum:
file:..\synlog\Counter_impl1_compiler.srr|io:o|time:1651685455|size:23577|exec:0|csum:
file:..\..\..\..\..\..\..\..\lscc\diamond\3.12\synpbase\lib\lucent\xp2.v|io:i|time:1603959654|size:89401|exec:0|csum:DEA28C1C674D46F9EEC2444777ADDD91
file:..\..\..\..\..\..\..\..\lscc\diamond\3.12\synpbase\lib\lucent\pmi_def.v|io:i|time:1603959654|size:40584|exec:0|csum:62845CEC2BB6FEBE1BA059B1E18015F4
file:.\-fsysv|io:i|time:0|size:-1|exec:0|csum:
file:..\..\Structures.v|io:i|time:1651298146|size:586|exec:0|csum:EB96640252E223AB142261F67E7469C7
file:.\-fsysv|io:i|time:0|size:-1|exec:0|csum:
file:..\..\UART_wrapper.v|io:i|time:1651684147|size:1365|exec:0|csum:0FB40EA13774B28C5D47958AAC4FEEBF
file:.\-fsysv|io:i|time:0|size:-1|exec:0|csum:
file:..\..\Registers.v|io:i|time:1651492517|size:1497|exec:0|csum:A385769A65BBC88CACFD627370950BD8
file:.\-fsysv|io:i|time:0|size:-1|exec:0|csum:
file:..\..\Control.v|io:i|time:1651675859|size:4006|exec:0|csum:49817DBFF6961CE2DCC10C59247683E0
file:.\-fsysv|io:i|time:0|size:-1|exec:0|csum:
file:..\..\UART_Packets.v|io:i|time:1651685447|size:7504|exec:0|csum:AFF810F42BCE68312C57FC28F343725A
file:.\-fsysv|io:i|time:0|size:-1|exec:0|csum:
file:..\..\UART.v|io:i|time:1651587286|size:4584|exec:0|csum:B2CF0108BB62F014F6BA05A8C97CB8DC
file:..\..\..\..\..\..\..\..\lscc\diamond\3.12\synpbase\bin64\c_hdl.exe|io:i|time:1603959522|size:5736448|exec:1|csum:F3379711CDC83CA310869A1D9BD9BABE
